<?xml version="1.0" encoding="UTF-8"?>
<robot generator="Robot 6.0.2 (Python 3.11.1 on win32)" generated="20230525 20:52:45.249" rpa="false" schemaversion="3">
<suite id="s1" name="Api Testing Usuarios" source="C:\Users\016758631\Box\Curso Udemy\RobotFramework\ApiTesting\tests\api_testing_usuarios.robot">
<test id="s1-t1" name="Cenário 01: Cadastrar um novo usuário com sucesso na ServeRest" line="8">
<kw name="Criar um usuário novo" library="api_testing_usuarios">
<kw name="Generate Random String" library="String">
<var>${palavra_aleatoria}</var>
<arg>length=4</arg>
<arg>chars=[LETTERS]</arg>
<doc>Generates a string with a desired ``length`` from the given ``chars``.</doc>
<msg timestamp="20230525 20:52:45.653" level="INFO">${palavra_aleatoria} = PaPV</msg>
<status status="PASS" starttime="20230525 20:52:45.653" endtime="20230525 20:52:45.653"/>
</kw>
<kw name="Convert To Lower Case" library="String">
<var>${palavra_aleatoria}</var>
<arg>${palavra_aleatoria}</arg>
<doc>Converts string to lower case.</doc>
<msg timestamp="20230525 20:52:45.653" level="INFO">${palavra_aleatoria} = papv</msg>
<status status="PASS" starttime="20230525 20:52:45.653" endtime="20230525 20:52:45.653"/>
</kw>
<kw name="Set Test Variable" library="BuiltIn">
<arg>${EMAIL_TESTE}</arg>
<arg>${palavra_aleatoria}@gmailteste.com</arg>
<doc>Makes a variable available everywhere within the scope of the current test.</doc>
<msg timestamp="20230525 20:52:45.654" level="INFO">${EMAIL_TESTE} = papv@gmailteste.com</msg>
<status status="PASS" starttime="20230525 20:52:45.654" endtime="20230525 20:52:45.654"/>
</kw>
<kw name="Log" library="BuiltIn">
<arg>${EMAIL_TESTE}</arg>
<doc>Logs the given message with the given level.</doc>
<msg timestamp="20230525 20:52:45.654" level="INFO">papv@gmailteste.com</msg>
<status status="PASS" starttime="20230525 20:52:45.654" endtime="20230525 20:52:45.654"/>
</kw>
<status status="PASS" starttime="20230525 20:52:45.653" endtime="20230525 20:52:45.655"/>
</kw>
<status status="PASS" starttime="20230525 20:52:45.652" endtime="20230525 20:52:45.655"/>
</test>
<status status="PASS" starttime="20230525 20:52:45.258" endtime="20230525 20:52:45.655"/>
</suite>
<statistics>
<total>
<stat pass="1" fail="0" skip="0">All Tests</stat>
</total>
<tag>
</tag>
<suite>
<stat pass="1" fail="0" skip="0" id="s1" name="Api Testing Usuarios">Api Testing Usuarios</stat>
</suite>
</statistics>
<errors>
</errors>
</robot>
